2025-11-28 21:08:27,863 [INFO] Activator:176 - 


2025-11-28 21:08:27,868 [INFO] Activator:177 - !SESSION log4j initialized
2025-11-28 21:08:33,429 [INFO] LogOutputStream:77 - [STDOUT_REDIRECT] 
2025-11-28 21:08:37,914 [INFO] ApplicationProperties:184 - Using Application install path: C:\ST\STM32CubeIDE_1.13.0\STM32CubeIDE\plugins\com.st.stm32cube.common.mx_6.9.0.202307051724
2025-11-28 21:08:37,939 [INFO] DbMcusXml:78 - Set database path to: C:\ST\STM32CubeIDE_1.13.0\STM32CubeIDE\plugins\com.st.stm32cube.common.mx_6.9.0.202307051724\\db\/mcu/
2025-11-28 21:08:37,939 [INFO] ApiDb:274 - Set plugin database path to: C:\ST\STM32CubeIDE_1.13.0\STM32CubeIDE\plugins\com.st.stm32cube.common.mx_6.9.0.202307051724\\db\/plugins/boardmanager/
2025-11-28 21:08:37,940 [WARN] ApiDb:259 - Overriding images path with different value:  => C:\ST\STM32CubeIDE_1.13.0\STM32CubeIDE\plugins\com.st.stm32cube.common.mx_6.9.0.202307051724\\db\/plugins/mcufinder/images/
2025-11-28 21:08:37,958 [INFO] ApiDb:250 - Set database path to: C:\Users\bogda\.stmcufinder\plugins\mcufinder//mcu/
2025-11-28 21:08:37,959 [INFO] DbMcusAds:125 - Set database path to: C:\Users\bogda\.stmcufinder\plugins\mcufinder//mcu/
2025-11-28 21:08:37,963 [INFO] CrossReferenceDbSqlite:203 - Set database path to: C:\Users\bogda\.stmcufinder\plugins\mcufinder//mcu/cs/
2025-11-28 21:08:38,175 [INFO] RulesReader:64 - Compatibility file has been processed (293 Rules)
2025-11-28 21:08:38,314 [INFO] DbMcusXml:78 - Set database path to: C:\ST\STM32CubeIDE_1.13.0\STM32CubeIDE\plugins\com.st.stm32cube.common.mx_6.9.0.202307051724\\db\/mcu/
2025-11-28 21:08:38,314 [INFO] ApiDb:274 - Set plugin database path to: C:\ST\STM32CubeIDE_1.13.0\STM32CubeIDE\plugins\com.st.stm32cube.common.mx_6.9.0.202307051724\\db\/plugins/boardmanager/
2025-11-28 21:08:38,314 [INFO] ApiDb:261 - Set plugin images path to: C:\ST\STM32CubeIDE_1.13.0\STM32CubeIDE\plugins\com.st.stm32cube.common.mx_6.9.0.202307051724\\db\/plugins/mcufinder/images/
2025-11-28 21:08:38,314 [WARN] DbFile:41 - Overriding database path with different value: C:\Users\bogda\.stmcufinder\plugins\mcufinder/ => C:\Users\bogda\.stmcufinder\plugins\mcufinder
2025-11-28 21:08:38,316 [INFO] ApiDb:250 - Set database path to: C:\Users\bogda\.stmcufinder\plugins\mcufinder//mcu/
2025-11-28 21:08:38,316 [WARN] DbFile:41 - Overriding database path with different value: C:\Users\bogda\.stmcufinder\plugins\mcufinder/ => C:\Users\bogda\.stmcufinder\plugins\mcufinder
2025-11-28 21:08:38,316 [INFO] DbMcusAds:125 - Set database path to: C:\Users\bogda\.stmcufinder\plugins\mcufinder//mcu/
2025-11-28 21:08:38,316 [WARN] DbFile:41 - Overriding database path with different value: C:\Users\bogda\.stmcufinder\plugins\mcufinder/ => C:\Users\bogda\.stmcufinder\plugins\mcufinder
2025-11-28 21:08:38,316 [WARN] DbFile:41 - Overriding database path with different value: C:\Users\bogda\.stmcufinder\plugins\mcufinder/ => C:\Users\bogda\.stmcufinder\plugins\mcufinder
2025-11-28 21:08:38,316 [INFO] CrossReferenceDbSqlite:203 - Set database path to: C:\Users\bogda\.stmcufinder\plugins\mcufinder//mcu/cs/
2025-11-28 21:08:38,420 [INFO] MainPanel:262 - HeapMemory: 436207616
2025-11-28 21:08:38,580 [INFO] DbMcusXml:78 - Set database path to: C:\ST\STM32CubeIDE_1.13.0\STM32CubeIDE\plugins\com.st.stm32cube.common.mx_6.9.0.202307051724\\db\/mcu/
2025-11-28 21:08:38,580 [INFO] ApiDb:274 - Set plugin database path to: C:\ST\STM32CubeIDE_1.13.0\STM32CubeIDE\plugins\com.st.stm32cube.common.mx_6.9.0.202307051724\\db\/plugins/boardmanager/
2025-11-28 21:08:38,580 [INFO] ApiDb:261 - Set plugin images path to: C:\ST\STM32CubeIDE_1.13.0\STM32CubeIDE\plugins\com.st.stm32cube.common.mx_6.9.0.202307051724\\db\/plugins/mcufinder/images/
2025-11-28 21:08:38,582 [WARN] DbFile:41 - Overriding database path with different value: C:\Users\bogda\.stmcufinder\plugins\mcufinder/ => C:\Users\bogda\.stmcufinder\plugins\mcufinder
2025-11-28 21:08:38,582 [INFO] ApiDb:250 - Set database path to: C:\Users\bogda\.stmcufinder\plugins\mcufinder//mcu/
2025-11-28 21:08:38,582 [WARN] DbFile:41 - Overriding database path with different value: C:\Users\bogda\.stmcufinder\plugins\mcufinder/ => C:\Users\bogda\.stmcufinder\plugins\mcufinder
2025-11-28 21:08:38,582 [INFO] DbMcusAds:125 - Set database path to: C:\Users\bogda\.stmcufinder\plugins\mcufinder//mcu/
2025-11-28 21:08:38,582 [WARN] DbFile:41 - Overriding database path with different value: C:\Users\bogda\.stmcufinder\plugins\mcufinder/ => C:\Users\bogda\.stmcufinder\plugins\mcufinder
2025-11-28 21:08:38,582 [WARN] DbFile:41 - Overriding database path with different value: C:\Users\bogda\.stmcufinder\plugins\mcufinder/ => C:\Users\bogda\.stmcufinder\plugins\mcufinder
2025-11-28 21:08:38,582 [INFO] CrossReferenceDbSqlite:203 - Set database path to: C:\Users\bogda\.stmcufinder\plugins\mcufinder//mcu/cs/
2025-11-28 21:08:38,605 [INFO] ApplicationProperties:184 - Using Application install path: C:\ST\STM32CubeIDE_1.13.0\STM32CubeIDE\plugins\com.st.stm32cube.common.mx_6.9.0.202307051724
2025-11-28 21:08:38,606 [INFO] PluginManage:196 - Search for loadable plugins [exclusion list=, ]
2025-11-28 21:08:38,609 [INFO] PluginManage:310 - Check plugin analytics
2025-11-28 21:08:38,857 [INFO] AnalyticsPlugin:253 - Accepted Software Licenses: 
2025-11-28 21:08:38,857 [INFO] AnalyticsPlugin:255 - Accepted CMSIS Pack Licenses: 
2025-11-28 21:08:38,858 [INFO] AnalyticsPlugin:257 - Accepted Firmware Licenses: FW.F4.1.27.0
2025-11-28 21:08:38,863 [INFO] PluginManage:359 - Loaded plugin analytics (category:tool,tabindex:-1)
2025-11-28 21:08:38,863 [INFO] PluginManage:310 - Check plugin cadmodel
2025-11-28 21:08:38,882 [INFO] CADModel:105 - Init CAD model plugin
2025-11-28 21:08:38,882 [INFO] PluginManage:359 - Loaded plugin cadmodel (category:power,tabindex:5)
2025-11-28 21:08:38,884 [INFO] PluginManage:310 - Check plugin clock
2025-11-28 21:08:38,913 [INFO] PluginManage:359 - Loaded plugin clock (category:base,tabindex:2)
2025-11-28 21:08:38,913 [INFO] PluginManage:310 - Check plugin ddr
2025-11-28 21:08:38,917 [INFO] PluginManage:359 - Loaded plugin ddr (category:tool,tabindex:6)
2025-11-28 21:08:38,917 [INFO] PluginManage:310 - Check plugin filemanager
2025-11-28 21:08:39,119 [INFO] PluginManage:359 - Loaded plugin filemanager (category:base,tabindex:10)
2025-11-28 21:08:39,120 [INFO] PluginManage:310 - Check plugin ipmanager
2025-11-28 21:08:39,133 [INFO] PluginManage:359 - Loaded plugin ipmanager (category:base,tabindex:5)
2025-11-28 21:08:39,133 [INFO] PluginManage:310 - Check plugin lpbam
2025-11-28 21:08:39,159 [INFO] PluginManage:359 - Loaded plugin lpbam (category:base,tabindex:0)
2025-11-28 21:08:39,159 [INFO] PluginManage:310 - Check plugin memorymap
2025-11-28 21:08:39,209 [INFO] PluginManage:359 - Loaded plugin memorymap (category:base,tabindex:4)
2025-11-28 21:08:39,209 [INFO] PluginManage:310 - Check plugin pinoutandconfiguration
2025-11-28 21:08:39,233 [INFO] PluginManage:359 - Loaded plugin pinoutandconfiguration (category:base,tabindex:1)
2025-11-28 21:08:39,233 [INFO] PluginManage:310 - Check plugin pinoutconfig
2025-11-28 21:08:39,387 [WARN] SupportedApi:132 - Cannot load RTOS API schema: s4s-elt-must-match.1: The content of 'definitions' must match (annotation?, (simpleType | complexType)?, (unique | key | keyref)*)). A problem was found starting at: attribute.
2025-11-28 21:08:39,583 [INFO] PluginManage:359 - Loaded plugin pinoutconfig (category:base,tabindex:0)
2025-11-28 21:08:39,583 [INFO] PluginManage:310 - Check plugin power
2025-11-28 21:08:39,612 [INFO] PluginManage:359 - Loaded plugin power (category:power,tabindex:4)
2025-11-28 21:08:39,612 [INFO] PluginManage:310 - Check plugin projectmanager
2025-11-28 21:08:39,631 [INFO] PluginManage:359 - Loaded plugin projectmanager (category:projectmanager,tabindex:3)
2025-11-28 21:08:39,631 [INFO] PluginManage:310 - Check plugin thirdparty
2025-11-28 21:08:40,048 [INFO] PluginManage:359 - Loaded plugin thirdparty (category:base,tabindex:-1)
2025-11-28 21:08:40,048 [INFO] PluginManage:310 - Check plugin tools
2025-11-28 21:08:40,048 [WARN] IntegrityCheckThread:84 - waiting for thirdparty lock release [integrity check]
2025-11-28 21:08:40,049 [INFO] IntegrityCheckThread:86 - entering critical section [integrity check]
2025-11-28 21:08:40,049 [INFO] ThirdPartyUpdaterWithRetryManager:70 - Updater plugin not ready yet. [1/15]
2025-11-28 21:08:40,124 [INFO] PluginManage:359 - Loaded plugin tools (category:base,tabindex:7)
2025-11-28 21:08:40,124 [INFO] PluginManage:310 - Check plugin tutovideos
2025-11-28 21:08:40,377 [INFO] PluginManage:359 - Loaded plugin tutovideos (category:base,tabindex:-1)
2025-11-28 21:08:40,377 [INFO] PluginManage:310 - Check plugin updater
2025-11-28 21:08:40,391 [INFO] PluginManage:359 - Loaded plugin updater (category:base,tabindex:12)
2025-11-28 21:08:40,392 [INFO] PluginManage:310 - Check plugin userauth
2025-11-28 21:08:40,430 [INFO] UserAuth:113 - Init User Auth plugin
2025-11-28 21:08:40,430 [INFO] PluginManage:359 - Loaded plugin userauth (category:base,tabindex:14)
2025-11-28 21:08:40,431 [INFO] PluginManage:283 - PluginManage : Loaded plugins [17]
2025-11-28 21:08:40,738 [INFO] PinOutPanel:1499 - setPackage(No Configuration,No Configuration)
2025-11-28 21:08:40,895 [INFO] CADModel:165 - CPN selected for project level
2025-11-28 21:08:40,895 [INFO] CADModel:114 - Register for checkConnection events
2025-11-28 21:08:40,945 [INFO] IPUIPlugin:80 - create IPUIPlugin
2025-11-28 21:08:40,945 [INFO] PluginManager:220 - loadIPPluginJar : add adc
2025-11-28 21:08:41,038 [INFO] IPUIPlugin:80 - create IPUIPlugin
2025-11-28 21:08:41,038 [INFO] PluginManager:220 - loadIPPluginJar : add aes
2025-11-28 21:08:41,139 [INFO] IPUIPlugin:80 - create IPUIPlugin
2025-11-28 21:08:41,139 [INFO] PluginManager:220 - loadIPPluginJar : add can
2025-11-28 21:08:41,193 [INFO] IPUIPlugin:80 - create IPUIPlugin
2025-11-28 21:08:41,194 [INFO] PluginManager:220 - loadIPPluginJar : add comp
2025-11-28 21:08:41,261 [INFO] IPUIPlugin:80 - create IPUIPlugin
2025-11-28 21:08:41,261 [INFO] PluginManager:220 - loadIPPluginJar : add cryp
2025-11-28 21:08:41,334 [INFO] IPUIPlugin:80 - create IPUIPlugin
2025-11-28 21:08:41,334 [INFO] PluginManager:220 - loadIPPluginJar : add dfsdm
2025-11-28 21:08:41,353 [INFO] IPUIPlugin:80 - create IPUIPlugin
2025-11-28 21:08:41,353 [INFO] PluginManager:220 - loadIPPluginJar : add dma
2025-11-28 21:08:41,432 [INFO] IPUIPlugin:80 - create IPUIPlugin
2025-11-28 21:08:41,433 [INFO] PluginManager:220 - loadIPPluginJar : add dma3
2025-11-28 21:08:41,463 [INFO] IPUIPlugin:80 - create IPUIPlugin
2025-11-28 21:08:41,463 [INFO] PluginManager:220 - loadIPPluginJar : add fatfs
2025-11-28 21:08:41,549 [INFO] IPUIPlugin:80 - create IPUIPlugin
2025-11-28 21:08:41,549 [INFO] PluginManager:220 - loadIPPluginJar : add fmc
2025-11-28 21:08:41,580 [INFO] IPUIPlugin:80 - create IPUIPlugin
2025-11-28 21:08:41,580 [INFO] PluginManager:220 - loadIPPluginJar : add freertos
2025-11-28 21:08:41,613 [INFO] IPUIPlugin:80 - create IPUIPlugin
2025-11-28 21:08:41,614 [INFO] PluginManager:220 - loadIPPluginJar : add genericplugin
2025-11-28 21:08:41,848 [INFO] IPUIPlugin:80 - create IPUIPlugin
2025-11-28 21:08:41,849 [INFO] PluginManager:220 - loadIPPluginJar : add gfxmmu
2025-11-28 21:08:42,132 [INFO] IPUIPlugin:80 - create IPUIPlugin
2025-11-28 21:08:42,134 [INFO] PluginManager:220 - loadIPPluginJar : add gic
2025-11-28 21:08:42,156 [INFO] IPUIPlugin:80 - create IPUIPlugin
2025-11-28 21:08:42,156 [INFO] PluginManager:220 - loadIPPluginJar : add gpio
2025-11-28 21:08:42,330 [INFO] IPUIPlugin:80 - create IPUIPlugin
2025-11-28 21:08:42,330 [INFO] PluginManager:220 - loadIPPluginJar : add gtzc
2025-11-28 21:08:42,380 [INFO] IPUIPlugin:80 - create IPUIPlugin
2025-11-28 21:08:42,380 [INFO] PluginManager:220 - loadIPPluginJar : add hash
2025-11-28 21:08:42,479 [INFO] IPUIPlugin:80 - create IPUIPlugin
2025-11-28 21:08:42,479 [INFO] PluginManager:220 - loadIPPluginJar : add i2c
2025-11-28 21:08:42,543 [INFO] IPUIPlugin:80 - create IPUIPlugin
2025-11-28 21:08:42,543 [INFO] PluginManager:220 - loadIPPluginJar : add i2s
2025-11-28 21:08:42,611 [INFO] IPUIPlugin:80 - create IPUIPlugin
2025-11-28 21:08:42,611 [INFO] PluginManager:220 - loadIPPluginJar : add i3c
2025-11-28 21:08:42,766 [INFO] IPUIPlugin:80 - create IPUIPlugin
2025-11-28 21:08:42,766 [INFO] PluginManager:220 - loadIPPluginJar : add ipddr
2025-11-28 21:08:42,917 [INFO] IPUIPlugin:80 - create IPUIPlugin
2025-11-28 21:08:42,918 [INFO] PluginManager:220 - loadIPPluginJar : add linkedlist
2025-11-28 21:08:42,974 [INFO] IPUIPlugin:80 - create IPUIPlugin
2025-11-28 21:08:42,974 [INFO] PluginManager:220 - loadIPPluginJar : add lorawan
2025-11-28 21:08:43,032 [INFO] IPUIPlugin:80 - create IPUIPlugin
2025-11-28 21:08:43,032 [INFO] PluginManager:220 - loadIPPluginJar : add ltdc
2025-11-28 21:08:43,052 [INFO] ThirdPartyUpdaterWithRetryManager:70 - Updater plugin not ready yet. [2/15]
2025-11-28 21:08:43,055 [INFO] IPUIPlugin:80 - create IPUIPlugin
2025-11-28 21:08:43,055 [INFO] PluginManager:220 - loadIPPluginJar : add mdma
2025-11-28 21:08:43,071 [INFO] IPUIPlugin:80 - create IPUIPlugin
2025-11-28 21:08:43,071 [INFO] PluginManager:220 - loadIPPluginJar : add nvic
2025-11-28 21:08:43,133 [INFO] IPUIPlugin:80 - create IPUIPlugin
2025-11-28 21:08:43,133 [INFO] PluginManager:220 - loadIPPluginJar : add opamp
2025-11-28 21:08:43,243 [INFO] IPUIPlugin:80 - create IPUIPlugin
2025-11-28 21:08:43,243 [INFO] PluginManager:220 - loadIPPluginJar : add openamp
2025-11-28 21:08:43,316 [INFO] IPUIPlugin:80 - create IPUIPlugin
2025-11-28 21:08:43,316 [INFO] PluginManager:220 - loadIPPluginJar : add pdm2pcm
2025-11-28 21:08:43,338 [INFO] IPUIPlugin:80 - create IPUIPlugin
2025-11-28 21:08:43,340 [INFO] PluginManager:220 - loadIPPluginJar : add plateformsettings
2025-11-28 21:08:43,378 [INFO] IPUIPlugin:80 - create IPUIPlugin
2025-11-28 21:08:43,378 [INFO] PluginManager:220 - loadIPPluginJar : add quadspi
2025-11-28 21:08:43,397 [INFO] IPUIPlugin:80 - create IPUIPlugin
2025-11-28 21:08:43,397 [INFO] PluginManager:220 - loadIPPluginJar : add resmgrutility
2025-11-28 21:08:43,477 [INFO] IPUIPlugin:80 - create IPUIPlugin
2025-11-28 21:08:43,478 [INFO] PluginManager:220 - loadIPPluginJar : add sai
2025-11-28 21:08:43,545 [INFO] IPUIPlugin:80 - create IPUIPlugin
2025-11-28 21:08:43,545 [INFO] PluginManager:220 - loadIPPluginJar : add spi
2025-11-28 21:08:43,638 [INFO] IPUIPlugin:80 - create IPUIPlugin
2025-11-28 21:08:43,639 [INFO] PluginManager:220 - loadIPPluginJar : add stm32_wpan
2025-11-28 21:08:43,689 [INFO] IPUIPlugin:80 - create IPUIPlugin
2025-11-28 21:08:43,689 [INFO] PluginManager:220 - loadIPPluginJar : add tim
2025-11-28 21:08:43,778 [INFO] IPUIPlugin:80 - create IPUIPlugin
2025-11-28 21:08:43,778 [INFO] PluginManager:220 - loadIPPluginJar : add touchsensing
2025-11-28 21:08:43,821 [INFO] IPUIPlugin:80 - create IPUIPlugin
2025-11-28 21:08:43,821 [INFO] PluginManager:220 - loadIPPluginJar : add tracer_emb
2025-11-28 21:08:43,892 [INFO] IPUIPlugin:80 - create IPUIPlugin
2025-11-28 21:08:43,892 [INFO] PluginManager:220 - loadIPPluginJar : add ts
2025-11-28 21:08:43,929 [INFO] IPUIPlugin:80 - create IPUIPlugin
2025-11-28 21:08:43,929 [INFO] PluginManager:220 - loadIPPluginJar : add tsc
2025-11-28 21:08:43,966 [INFO] IPUIPlugin:80 - create IPUIPlugin
2025-11-28 21:08:43,966 [INFO] PluginManager:220 - loadIPPluginJar : add ucpd
2025-11-28 21:08:44,035 [INFO] IPUIPlugin:80 - create IPUIPlugin
2025-11-28 21:08:44,035 [INFO] PluginManager:220 - loadIPPluginJar : add usart
2025-11-28 21:08:44,102 [INFO] IPUIPlugin:80 - create IPUIPlugin
2025-11-28 21:08:44,102 [INFO] PluginManager:220 - loadIPPluginJar : add usbx
2025-11-28 21:08:44,235 [INFO] CADModel:165 - CPN selected for project level
2025-11-28 21:08:44,235 [INFO] CADModel:114 - Register for checkConnection events
2025-11-28 21:08:44,236 [FATAL] Updater:308 - Updater called before beeing initialized
2025-11-28 21:08:44,236 [ERROR] CADModel:125 - Updater not yet initialized, retry later 
2025-11-28 21:08:44,437 [INFO] CADModel:165 - CPN selected for project level
2025-11-28 21:08:44,437 [INFO] CADModel:114 - Register for checkConnection events
2025-11-28 21:08:44,437 [FATAL] Updater:308 - Updater called before beeing initialized
2025-11-28 21:08:44,437 [ERROR] CADModel:125 - Updater not yet initialized, retry later 
2025-11-28 21:08:44,442 [FATAL] Updater:308 - Updater called before beeing initialized
2025-11-28 21:08:44,583 [FATAL] Updater:308 - Updater called before beeing initialized
2025-11-28 21:08:44,600 [INFO] DbMcusAds:53 - JSON generation date=Tue Nov 25 16:08:32 EET 2025 (1764079712316)
2025-11-28 21:08:44,600 [FATAL] Updater:308 - Updater called before beeing initialized
2025-11-28 21:08:44,646 [WARN] DetailPanel:346 - Failed to get advertising image, set to default
2025-11-28 21:08:44,764 [FATAL] Updater:308 - Updater called before beeing initialized
2025-11-28 21:08:44,766 [FATAL] Updater:308 - Updater called before beeing initialized
2025-11-28 21:08:44,766 [FATAL] Updater:308 - Updater called before beeing initialized
2025-11-28 21:08:44,766 [WARN] DetailPanel:346 - Failed to get advertising image, set to default
2025-11-28 21:08:44,767 [FATAL] Updater:308 - Updater called before beeing initialized
2025-11-28 21:08:44,842 [ERROR] Updater:1120 - MainUpdater not yet initialized. External WinMGr cannot be set.
2025-11-28 21:08:44,858 [INFO] Updater:1056 - Updater Version found : 6.9.0
2025-11-28 21:08:44,876 [INFO] ApplicationProperties:184 - Using Application install path: C:\ST\STM32CubeIDE_1.13.0\STM32CubeIDE\plugins\com.st.stm32cube.common.mx_6.9.0.202307051724
2025-11-28 21:08:45,245 [INFO] MainUpdater:2868 - connection check result : 10
2025-11-28 21:08:45,246 [INFO] MainUpdater:285 - Updater Check For Update Now.
2025-11-28 21:08:45,246 [INFO] MicroXplorer:498 - Change Database Version : DB.6.0.90
2025-11-28 21:08:45,261 [INFO] McuFinderGlobals:63 - Set McuFinder mode to 2 (CubeIDE integrated)
2025-11-28 21:08:45,261 [INFO] UserAuth:179 - activating auth plugin
2025-11-28 21:08:45,262 [INFO] UserAuth:393 - Internet connection configuration mode: 1
2025-11-28 21:08:45,286 [INFO] JxBrowserEngine:151 - Initiate JxBrowser Engine with user profile folder
2025-11-28 21:08:45,428 [INFO] CheckServerUpdateThread:120 - End of CheckServer Thread
2025-11-28 21:08:46,188 [ERROR] Engine:466 - C:\Users\bogda\.stm32cubemx\thirdparties\pdsc\WES.I-CUBE-Cesium.1.4.0.pdsc: PDSC version is not supported
2025-11-28 21:08:46,202 [ERROR] Engine:466 - C:\Users\bogda\.stm32cubemx\thirdparties\pdsc\STMicroelectronics.X-CUBE-FREERTOS.1.4.0.pdsc: PDSC version is not supported
2025-11-28 21:08:46,323 [WARN] PackLoader:240 - Cannot read IP mode file for STMicroelectronics.X-CUBE-MEMS1.12.0.0
2025-11-28 21:08:46,439 [WARN] PackLoader:240 - Cannot read IP mode file for STMicroelectronics.X-CUBE-TOUCHGFX.4.26.0
2025-11-28 21:08:46,440 [INFO] ThirdParty:978 - Integrity check success = true
2025-11-28 21:08:46,442 [INFO] IntegrityCheckThread:100 - exiting critical section [integrity check]
2025-11-28 21:08:46,442 [INFO] IntegrityCheckThread:103 - End integrity checks thread
2025-11-28 21:08:47,458 [INFO] WebApp:157 - Instantiating new browser for Auth
2025-11-28 21:08:47,969 [INFO] WebApp:753 - Register for checkConnection events
2025-11-28 21:08:47,969 [INFO] WebApp:390 - Apply proxy settings
2025-11-28 21:08:47,969 [INFO] WebApp:475 - Chromium requires no authentication
2025-11-28 21:08:47,975 [INFO] WebApp:418 - Direct internet connection detected
2025-11-28 21:08:48,115 [INFO] WebApp:188 - Starting web application
2025-11-28 21:08:48,115 [INFO] WebApp:520 - Web application path used C:\ST\STM32CubeIDE_1.13.0\STM32CubeIDE\plugins\com.st.stm32cube.common.mx_6.9.0.202307051724\db\plugins\mcufinder\reactClient1\index.html
2025-11-28 21:09:08,857 [ERROR] LogOutputStream:75 - [STDERR_REDIRECT] SLF4J: Failed to load class "org.slf4j.impl.StaticLoggerBinder".
2025-11-28 21:09:08,857 [ERROR] LogOutputStream:75 - [STDERR_REDIRECT] SLF4J: Defaulting to no-operation (NOP) logger implementation
2025-11-28 21:09:08,858 [ERROR] LogOutputStream:75 - [STDERR_REDIRECT] SLF4J: See http://www.slf4j.org/codes.html#StaticLoggerBinder for further details.
2025-11-28 21:09:19,385 [ERROR] LogOutputStream:75 - [STDERR_REDIRECT] 
2025-11-28 21:18:34,292 [INFO] Activator:176 - 


2025-11-28 21:18:34,293 [INFO] Activator:177 - !SESSION log4j initialized
2025-11-28 21:18:38,389 [INFO] LogOutputStream:77 - [STDOUT_REDIRECT] 
2025-11-28 21:18:39,442 [INFO] ApplicationProperties:184 - Using Application install path: C:\ST\STM32CubeIDE_1.13.0\STM32CubeIDE\plugins\com.st.stm32cube.common.mx_6.9.0.202307051724
2025-11-28 21:18:39,475 [INFO] DbMcusXml:78 - Set database path to: C:\ST\STM32CubeIDE_1.13.0\STM32CubeIDE\plugins\com.st.stm32cube.common.mx_6.9.0.202307051724\\db\/mcu/
2025-11-28 21:18:39,475 [INFO] ApiDb:274 - Set plugin database path to: C:\ST\STM32CubeIDE_1.13.0\STM32CubeIDE\plugins\com.st.stm32cube.common.mx_6.9.0.202307051724\\db\/plugins/boardmanager/
2025-11-28 21:18:39,475 [WARN] ApiDb:259 - Overriding images path with different value:  => C:\ST\STM32CubeIDE_1.13.0\STM32CubeIDE\plugins\com.st.stm32cube.common.mx_6.9.0.202307051724\\db\/plugins/mcufinder/images/
2025-11-28 21:18:39,490 [INFO] ApiDb:250 - Set database path to: C:\Users\bogda\.stmcufinder\plugins\mcufinder//mcu/
2025-11-28 21:18:39,492 [INFO] DbMcusAds:125 - Set database path to: C:\Users\bogda\.stmcufinder\plugins\mcufinder//mcu/
2025-11-28 21:18:39,496 [INFO] CrossReferenceDbSqlite:203 - Set database path to: C:\Users\bogda\.stmcufinder\plugins\mcufinder//mcu/cs/
2025-11-28 21:18:39,750 [INFO] RulesReader:64 - Compatibility file has been processed (293 Rules)
2025-11-28 21:18:39,891 [INFO] DbMcusXml:78 - Set database path to: C:\ST\STM32CubeIDE_1.13.0\STM32CubeIDE\plugins\com.st.stm32cube.common.mx_6.9.0.202307051724\\db\/mcu/
2025-11-28 21:18:39,891 [INFO] ApiDb:274 - Set plugin database path to: C:\ST\STM32CubeIDE_1.13.0\STM32CubeIDE\plugins\com.st.stm32cube.common.mx_6.9.0.202307051724\\db\/plugins/boardmanager/
2025-11-28 21:18:39,891 [INFO] ApiDb:261 - Set plugin images path to: C:\ST\STM32CubeIDE_1.13.0\STM32CubeIDE\plugins\com.st.stm32cube.common.mx_6.9.0.202307051724\\db\/plugins/mcufinder/images/
2025-11-28 21:18:39,892 [WARN] DbFile:41 - Overriding database path with different value: C:\Users\bogda\.stmcufinder\plugins\mcufinder/ => C:\Users\bogda\.stmcufinder\plugins\mcufinder
2025-11-28 21:18:39,892 [INFO] ApiDb:250 - Set database path to: C:\Users\bogda\.stmcufinder\plugins\mcufinder//mcu/
2025-11-28 21:18:39,892 [WARN] DbFile:41 - Overriding database path with different value: C:\Users\bogda\.stmcufinder\plugins\mcufinder/ => C:\Users\bogda\.stmcufinder\plugins\mcufinder
2025-11-28 21:18:39,892 [INFO] DbMcusAds:125 - Set database path to: C:\Users\bogda\.stmcufinder\plugins\mcufinder//mcu/
2025-11-28 21:18:39,892 [WARN] DbFile:41 - Overriding database path with different value: C:\Users\bogda\.stmcufinder\plugins\mcufinder/ => C:\Users\bogda\.stmcufinder\plugins\mcufinder
2025-11-28 21:18:39,892 [WARN] DbFile:41 - Overriding database path with different value: C:\Users\bogda\.stmcufinder\plugins\mcufinder/ => C:\Users\bogda\.stmcufinder\plugins\mcufinder
2025-11-28 21:18:39,893 [INFO] CrossReferenceDbSqlite:203 - Set database path to: C:\Users\bogda\.stmcufinder\plugins\mcufinder//mcu/cs/
2025-11-28 21:18:40,012 [INFO] MainPanel:262 - HeapMemory: 268435456
2025-11-28 21:18:40,195 [INFO] DbMcusXml:78 - Set database path to: C:\ST\STM32CubeIDE_1.13.0\STM32CubeIDE\plugins\com.st.stm32cube.common.mx_6.9.0.202307051724\\db\/mcu/
2025-11-28 21:18:40,195 [INFO] ApiDb:274 - Set plugin database path to: C:\ST\STM32CubeIDE_1.13.0\STM32CubeIDE\plugins\com.st.stm32cube.common.mx_6.9.0.202307051724\\db\/plugins/boardmanager/
2025-11-28 21:18:40,195 [INFO] ApiDb:261 - Set plugin images path to: C:\ST\STM32CubeIDE_1.13.0\STM32CubeIDE\plugins\com.st.stm32cube.common.mx_6.9.0.202307051724\\db\/plugins/mcufinder/images/
2025-11-28 21:18:40,196 [WARN] DbFile:41 - Overriding database path with different value: C:\Users\bogda\.stmcufinder\plugins\mcufinder/ => C:\Users\bogda\.stmcufinder\plugins\mcufinder
2025-11-28 21:18:40,196 [INFO] ApiDb:250 - Set database path to: C:\Users\bogda\.stmcufinder\plugins\mcufinder//mcu/
2025-11-28 21:18:40,196 [WARN] DbFile:41 - Overriding database path with different value: C:\Users\bogda\.stmcufinder\plugins\mcufinder/ => C:\Users\bogda\.stmcufinder\plugins\mcufinder
2025-11-28 21:18:40,196 [INFO] DbMcusAds:125 - Set database path to: C:\Users\bogda\.stmcufinder\plugins\mcufinder//mcu/
2025-11-28 21:18:40,197 [WARN] DbFile:41 - Overriding database path with different value: C:\Users\bogda\.stmcufinder\plugins\mcufinder/ => C:\Users\bogda\.stmcufinder\plugins\mcufinder
2025-11-28 21:18:40,197 [WARN] DbFile:41 - Overriding database path with different value: C:\Users\bogda\.stmcufinder\plugins\mcufinder/ => C:\Users\bogda\.stmcufinder\plugins\mcufinder
2025-11-28 21:18:40,197 [INFO] CrossReferenceDbSqlite:203 - Set database path to: C:\Users\bogda\.stmcufinder\plugins\mcufinder//mcu/cs/
2025-11-28 21:18:40,225 [INFO] ApplicationProperties:184 - Using Application install path: C:\ST\STM32CubeIDE_1.13.0\STM32CubeIDE\plugins\com.st.stm32cube.common.mx_6.9.0.202307051724
2025-11-28 21:18:40,227 [INFO] PluginManage:196 - Search for loadable plugins [exclusion list=, ]
2025-11-28 21:18:40,232 [INFO] PluginManage:310 - Check plugin analytics
2025-11-28 21:18:40,513 [INFO] AnalyticsPlugin:253 - Accepted Software Licenses: 
2025-11-28 21:18:40,514 [INFO] AnalyticsPlugin:255 - Accepted CMSIS Pack Licenses: 
2025-11-28 21:18:40,514 [INFO] AnalyticsPlugin:257 - Accepted Firmware Licenses: FW.F4.1.27.0
2025-11-28 21:18:40,518 [INFO] PluginManage:359 - Loaded plugin analytics (category:tool,tabindex:-1)
2025-11-28 21:18:40,518 [INFO] PluginManage:310 - Check plugin cadmodel
2025-11-28 21:18:40,524 [INFO] CADModel:105 - Init CAD model plugin
2025-11-28 21:18:40,525 [INFO] PluginManage:359 - Loaded plugin cadmodel (category:power,tabindex:5)
2025-11-28 21:18:40,526 [INFO] PluginManage:310 - Check plugin clock
2025-11-28 21:18:40,538 [INFO] PluginManage:359 - Loaded plugin clock (category:base,tabindex:2)
2025-11-28 21:18:40,538 [INFO] PluginManage:310 - Check plugin ddr
2025-11-28 21:18:40,541 [INFO] PluginManage:359 - Loaded plugin ddr (category:tool,tabindex:6)
2025-11-28 21:18:40,543 [INFO] PluginManage:310 - Check plugin filemanager
2025-11-28 21:18:40,812 [INFO] PluginManage:359 - Loaded plugin filemanager (category:base,tabindex:10)
2025-11-28 21:18:40,813 [INFO] PluginManage:310 - Check plugin ipmanager
2025-11-28 21:18:40,822 [INFO] PluginManage:359 - Loaded plugin ipmanager (category:base,tabindex:5)
2025-11-28 21:18:40,822 [INFO] PluginManage:310 - Check plugin lpbam
2025-11-28 21:18:40,834 [INFO] PluginManage:359 - Loaded plugin lpbam (category:base,tabindex:0)
2025-11-28 21:18:40,834 [INFO] PluginManage:310 - Check plugin memorymap
2025-11-28 21:18:40,870 [INFO] PluginManage:359 - Loaded plugin memorymap (category:base,tabindex:4)
2025-11-28 21:18:40,871 [INFO] PluginManage:310 - Check plugin pinoutandconfiguration
2025-11-28 21:18:40,888 [INFO] PluginManage:359 - Loaded plugin pinoutandconfiguration (category:base,tabindex:1)
2025-11-28 21:18:40,888 [INFO] PluginManage:310 - Check plugin pinoutconfig
2025-11-28 21:18:41,055 [WARN] SupportedApi:132 - Cannot load RTOS API schema: s4s-elt-must-match.1: The content of 'definitions' must match (annotation?, (simpleType | complexType)?, (unique | key | keyref)*)). A problem was found starting at: attribute.
2025-11-28 21:18:41,307 [INFO] PluginManage:359 - Loaded plugin pinoutconfig (category:base,tabindex:0)
2025-11-28 21:18:41,307 [INFO] PluginManage:310 - Check plugin power
2025-11-28 21:18:41,322 [INFO] PluginManage:359 - Loaded plugin power (category:power,tabindex:4)
2025-11-28 21:18:41,322 [INFO] PluginManage:310 - Check plugin projectmanager
2025-11-28 21:18:41,346 [INFO] PluginManage:359 - Loaded plugin projectmanager (category:projectmanager,tabindex:3)
2025-11-28 21:18:41,346 [INFO] PluginManage:310 - Check plugin thirdparty
2025-11-28 21:18:41,544 [INFO] PluginManage:359 - Loaded plugin thirdparty (category:base,tabindex:-1)
2025-11-28 21:18:41,544 [WARN] IntegrityCheckThread:84 - waiting for thirdparty lock release [integrity check]
2025-11-28 21:18:41,545 [INFO] PluginManage:310 - Check plugin tools
2025-11-28 21:18:41,545 [INFO] IntegrityCheckThread:86 - entering critical section [integrity check]
2025-11-28 21:18:41,545 [INFO] ThirdPartyUpdaterWithRetryManager:70 - Updater plugin not ready yet. [1/15]
2025-11-28 21:18:41,548 [INFO] PluginManage:359 - Loaded plugin tools (category:base,tabindex:7)
2025-11-28 21:18:41,549 [INFO] PluginManage:310 - Check plugin tutovideos
2025-11-28 21:18:41,926 [INFO] PluginManage:359 - Loaded plugin tutovideos (category:base,tabindex:-1)
2025-11-28 21:18:41,927 [INFO] PluginManage:310 - Check plugin updater
2025-11-28 21:18:41,940 [INFO] PluginManage:359 - Loaded plugin updater (category:base,tabindex:12)
2025-11-28 21:18:41,941 [INFO] PluginManage:310 - Check plugin userauth
2025-11-28 21:18:41,950 [INFO] UserAuth:113 - Init User Auth plugin
2025-11-28 21:18:41,950 [INFO] PluginManage:359 - Loaded plugin userauth (category:base,tabindex:14)
2025-11-28 21:18:41,952 [INFO] PluginManage:283 - PluginManage : Loaded plugins [17]
2025-11-28 21:18:42,309 [INFO] PinOutPanel:1499 - setPackage(No Configuration,No Configuration)
2025-11-28 21:18:42,458 [INFO] CADModel:165 - CPN selected for project level
2025-11-28 21:18:42,458 [INFO] CADModel:114 - Register for checkConnection events
2025-11-28 21:18:42,478 [INFO] IPUIPlugin:80 - create IPUIPlugin
2025-11-28 21:18:42,479 [INFO] PluginManager:220 - loadIPPluginJar : add adc
2025-11-28 21:18:42,482 [INFO] IPUIPlugin:80 - create IPUIPlugin
2025-11-28 21:18:42,482 [INFO] PluginManager:220 - loadIPPluginJar : add aes
2025-11-28 21:18:42,485 [INFO] IPUIPlugin:80 - create IPUIPlugin
2025-11-28 21:18:42,485 [INFO] PluginManager:220 - loadIPPluginJar : add can
2025-11-28 21:18:42,488 [INFO] IPUIPlugin:80 - create IPUIPlugin
2025-11-28 21:18:42,488 [INFO] PluginManager:220 - loadIPPluginJar : add comp
2025-11-28 21:18:42,492 [INFO] IPUIPlugin:80 - create IPUIPlugin
2025-11-28 21:18:42,492 [INFO] PluginManager:220 - loadIPPluginJar : add cryp
2025-11-28 21:18:42,496 [INFO] IPUIPlugin:80 - create IPUIPlugin
2025-11-28 21:18:42,496 [INFO] PluginManager:220 - loadIPPluginJar : add dfsdm
2025-11-28 21:18:42,505 [INFO] IPUIPlugin:80 - create IPUIPlugin
2025-11-28 21:18:42,506 [INFO] PluginManager:220 - loadIPPluginJar : add dma
2025-11-28 21:18:42,510 [INFO] IPUIPlugin:80 - create IPUIPlugin
2025-11-28 21:18:42,511 [INFO] PluginManager:220 - loadIPPluginJar : add dma3
2025-11-28 21:18:42,513 [INFO] IPUIPlugin:80 - create IPUIPlugin
2025-11-28 21:18:42,513 [INFO] PluginManager:220 - loadIPPluginJar : add fatfs
2025-11-28 21:18:42,519 [INFO] IPUIPlugin:80 - create IPUIPlugin
2025-11-28 21:18:42,519 [INFO] PluginManager:220 - loadIPPluginJar : add fmc
2025-11-28 21:18:42,525 [INFO] IPUIPlugin:80 - create IPUIPlugin
2025-11-28 21:18:42,525 [INFO] PluginManager:220 - loadIPPluginJar : add freertos
2025-11-28 21:18:42,527 [INFO] IPUIPlugin:80 - create IPUIPlugin
2025-11-28 21:18:42,527 [INFO] PluginManager:220 - loadIPPluginJar : add genericplugin
2025-11-28 21:18:42,529 [INFO] IPUIPlugin:80 - create IPUIPlugin
2025-11-28 21:18:42,529 [INFO] PluginManager:220 - loadIPPluginJar : add gfxmmu
2025-11-28 21:18:42,536 [INFO] IPUIPlugin:80 - create IPUIPlugin
2025-11-28 21:18:42,536 [INFO] PluginManager:220 - loadIPPluginJar : add gic
2025-11-28 21:18:42,540 [INFO] IPUIPlugin:80 - create IPUIPlugin
2025-11-28 21:18:42,540 [INFO] PluginManager:220 - loadIPPluginJar : add gpio
2025-11-28 21:18:42,545 [INFO] IPUIPlugin:80 - create IPUIPlugin
2025-11-28 21:18:42,545 [INFO] PluginManager:220 - loadIPPluginJar : add gtzc
2025-11-28 21:18:42,549 [INFO] IPUIPlugin:80 - create IPUIPlugin
2025-11-28 21:18:42,549 [INFO] PluginManager:220 - loadIPPluginJar : add hash
2025-11-28 21:18:42,552 [INFO] IPUIPlugin:80 - create IPUIPlugin
2025-11-28 21:18:42,552 [INFO] PluginManager:220 - loadIPPluginJar : add i2c
2025-11-28 21:18:42,556 [INFO] IPUIPlugin:80 - create IPUIPlugin
2025-11-28 21:18:42,556 [INFO] PluginManager:220 - loadIPPluginJar : add i2s
2025-11-28 21:18:42,560 [INFO] IPUIPlugin:80 - create IPUIPlugin
2025-11-28 21:18:42,560 [INFO] PluginManager:220 - loadIPPluginJar : add i3c
2025-11-28 21:18:42,567 [INFO] IPUIPlugin:80 - create IPUIPlugin
2025-11-28 21:18:42,567 [INFO] PluginManager:220 - loadIPPluginJar : add ipddr
2025-11-28 21:18:42,574 [INFO] IPUIPlugin:80 - create IPUIPlugin
2025-11-28 21:18:42,574 [INFO] PluginManager:220 - loadIPPluginJar : add linkedlist
2025-11-28 21:18:42,578 [INFO] IPUIPlugin:80 - create IPUIPlugin
2025-11-28 21:18:42,578 [INFO] PluginManager:220 - loadIPPluginJar : add lorawan
2025-11-28 21:18:42,580 [INFO] IPUIPlugin:80 - create IPUIPlugin
2025-11-28 21:18:42,580 [INFO] PluginManager:220 - loadIPPluginJar : add ltdc
2025-11-28 21:18:42,587 [INFO] IPUIPlugin:80 - create IPUIPlugin
2025-11-28 21:18:42,587 [INFO] PluginManager:220 - loadIPPluginJar : add mdma
2025-11-28 21:18:42,593 [INFO] IPUIPlugin:80 - create IPUIPlugin
2025-11-28 21:18:42,593 [INFO] PluginManager:220 - loadIPPluginJar : add nvic
2025-11-28 21:18:42,597 [INFO] IPUIPlugin:80 - create IPUIPlugin
2025-11-28 21:18:42,597 [INFO] PluginManager:220 - loadIPPluginJar : add opamp
2025-11-28 21:18:42,602 [INFO] IPUIPlugin:80 - create IPUIPlugin
2025-11-28 21:18:42,602 [INFO] PluginManager:220 - loadIPPluginJar : add openamp
2025-11-28 21:18:42,606 [INFO] IPUIPlugin:80 - create IPUIPlugin
2025-11-28 21:18:42,606 [INFO] PluginManager:220 - loadIPPluginJar : add pdm2pcm
2025-11-28 21:18:42,613 [INFO] IPUIPlugin:80 - create IPUIPlugin
2025-11-28 21:18:42,617 [INFO] PluginManager:220 - loadIPPluginJar : add plateformsettings
2025-11-28 21:18:42,619 [INFO] IPUIPlugin:80 - create IPUIPlugin
2025-11-28 21:18:42,619 [INFO] PluginManager:220 - loadIPPluginJar : add quadspi
2025-11-28 21:18:42,624 [INFO] IPUIPlugin:80 - create IPUIPlugin
2025-11-28 21:18:42,624 [INFO] PluginManager:220 - loadIPPluginJar : add resmgrutility
2025-11-28 21:18:42,627 [INFO] IPUIPlugin:80 - create IPUIPlugin
2025-11-28 21:18:42,627 [INFO] PluginManager:220 - loadIPPluginJar : add sai
2025-11-28 21:18:42,630 [INFO] IPUIPlugin:80 - create IPUIPlugin
2025-11-28 21:18:42,630 [INFO] PluginManager:220 - loadIPPluginJar : add spi
2025-11-28 21:18:42,636 [INFO] IPUIPlugin:80 - create IPUIPlugin
2025-11-28 21:18:42,636 [INFO] PluginManager:220 - loadIPPluginJar : add stm32_wpan
2025-11-28 21:18:42,639 [INFO] IPUIPlugin:80 - create IPUIPlugin
2025-11-28 21:18:42,639 [INFO] PluginManager:220 - loadIPPluginJar : add tim
2025-11-28 21:18:42,642 [INFO] IPUIPlugin:80 - create IPUIPlugin
2025-11-28 21:18:42,642 [INFO] PluginManager:220 - loadIPPluginJar : add touchsensing
2025-11-28 21:18:42,645 [INFO] IPUIPlugin:80 - create IPUIPlugin
2025-11-28 21:18:42,645 [INFO] PluginManager:220 - loadIPPluginJar : add tracer_emb
2025-11-28 21:18:42,647 [INFO] IPUIPlugin:80 - create IPUIPlugin
2025-11-28 21:18:42,647 [INFO] PluginManager:220 - loadIPPluginJar : add ts
2025-11-28 21:18:42,648 [INFO] IPUIPlugin:80 - create IPUIPlugin
2025-11-28 21:18:42,648 [INFO] PluginManager:220 - loadIPPluginJar : add tsc
2025-11-28 21:18:42,651 [INFO] IPUIPlugin:80 - create IPUIPlugin
2025-11-28 21:18:42,651 [INFO] PluginManager:220 - loadIPPluginJar : add ucpd
2025-11-28 21:18:42,655 [INFO] IPUIPlugin:80 - create IPUIPlugin
2025-11-28 21:18:42,655 [INFO] PluginManager:220 - loadIPPluginJar : add usart
2025-11-28 21:18:42,659 [INFO] IPUIPlugin:80 - create IPUIPlugin
2025-11-28 21:18:42,659 [INFO] PluginManager:220 - loadIPPluginJar : add usbx
2025-11-28 21:18:42,798 [INFO] CADModel:165 - CPN selected for project level
2025-11-28 21:18:42,798 [INFO] CADModel:114 - Register for checkConnection events
2025-11-28 21:18:42,798 [FATAL] Updater:308 - Updater called before beeing initialized
2025-11-28 21:18:42,798 [ERROR] CADModel:125 - Updater not yet initialized, retry later 
2025-11-28 21:18:42,999 [INFO] CADModel:165 - CPN selected for project level
2025-11-28 21:18:42,999 [INFO] CADModel:114 - Register for checkConnection events
2025-11-28 21:18:42,999 [FATAL] Updater:308 - Updater called before beeing initialized
2025-11-28 21:18:42,999 [ERROR] CADModel:125 - Updater not yet initialized, retry later 
2025-11-28 21:18:43,002 [FATAL] Updater:308 - Updater called before beeing initialized
2025-11-28 21:18:43,115 [FATAL] Updater:308 - Updater called before beeing initialized
2025-11-28 21:18:43,121 [INFO] DbMcusAds:53 - JSON generation date=Tue Nov 25 16:08:32 EET 2025 (1764079712316)
2025-11-28 21:18:43,121 [FATAL] Updater:308 - Updater called before beeing initialized
2025-11-28 21:18:43,151 [WARN] DetailPanel:346 - Failed to get advertising image, set to default
2025-11-28 21:18:43,223 [FATAL] Updater:308 - Updater called before beeing initialized
2025-11-28 21:18:43,224 [FATAL] Updater:308 - Updater called before beeing initialized
2025-11-28 21:18:43,224 [FATAL] Updater:308 - Updater called before beeing initialized
2025-11-28 21:18:43,224 [WARN] DetailPanel:346 - Failed to get advertising image, set to default
2025-11-28 21:18:43,225 [FATAL] Updater:308 - Updater called before beeing initialized
2025-11-28 21:18:43,256 [ERROR] Updater:1120 - MainUpdater not yet initialized. External WinMGr cannot be set.
2025-11-28 21:18:43,257 [INFO] Updater:1056 - Updater Version found : 6.9.0
2025-11-28 21:18:43,267 [INFO] ApplicationProperties:184 - Using Application install path: C:\ST\STM32CubeIDE_1.13.0\STM32CubeIDE\plugins\com.st.stm32cube.common.mx_6.9.0.202307051724
2025-11-28 21:18:43,560 [INFO] MainUpdater:2868 - connection check result : 10
2025-11-28 21:18:43,561 [INFO] MainUpdater:285 - Updater Check For Update Now.
2025-11-28 21:18:43,561 [INFO] MicroXplorer:498 - Change Database Version : DB.6.0.90
2025-11-28 21:18:43,574 [INFO] McuFinderGlobals:63 - Set McuFinder mode to 2 (CubeIDE integrated)
2025-11-28 21:18:43,575 [INFO] UserAuth:179 - activating auth plugin
2025-11-28 21:18:43,577 [INFO] UserAuth:393 - Internet connection configuration mode: 1
2025-11-28 21:18:43,618 [INFO] JxBrowserEngine:151 - Initiate JxBrowser Engine with user profile folder
2025-11-28 21:18:43,741 [INFO] CheckServerUpdateThread:120 - End of CheckServer Thread
2025-11-28 21:18:44,163 [INFO] WebApp:157 - Instantiating new browser for Auth
2025-11-28 21:18:44,732 [ERROR] Engine:466 - C:\Users\bogda\.stm32cubemx\thirdparties\pdsc\WES.I-CUBE-Cesium.1.4.0.pdsc: PDSC version is not supported
2025-11-28 21:18:44,741 [ERROR] Engine:466 - C:\Users\bogda\.stm32cubemx\thirdparties\pdsc\STMicroelectronics.X-CUBE-FREERTOS.1.4.0.pdsc: PDSC version is not supported
2025-11-28 21:18:45,019 [WARN] PackLoader:240 - Cannot read IP mode file for STMicroelectronics.X-CUBE-MEMS1.12.0.0
2025-11-28 21:18:45,261 [WARN] PackLoader:240 - Cannot read IP mode file for STMicroelectronics.X-CUBE-TOUCHGFX.4.26.0
2025-11-28 21:18:45,265 [INFO] ThirdParty:978 - Integrity check success = true
2025-11-28 21:18:45,266 [INFO] IntegrityCheckThread:100 - exiting critical section [integrity check]
2025-11-28 21:18:45,266 [INFO] IntegrityCheckThread:103 - End integrity checks thread
2025-11-28 21:18:45,285 [INFO] WebApp:753 - Register for checkConnection events
2025-11-28 21:18:45,285 [INFO] WebApp:390 - Apply proxy settings
2025-11-28 21:18:45,285 [INFO] WebApp:475 - Chromium requires no authentication
2025-11-28 21:18:45,334 [INFO] WebApp:418 - Direct internet connection detected
2025-11-28 21:18:45,700 [INFO] WebApp:188 - Starting web application
2025-11-28 21:18:45,701 [INFO] WebApp:520 - Web application path used C:\ST\STM32CubeIDE_1.13.0\STM32CubeIDE\plugins\com.st.stm32cube.common.mx_6.9.0.202307051724\db\plugins\mcufinder\reactClient1\index.html
2025-11-28 21:19:06,290 [ERROR] LogOutputStream:75 - [STDERR_REDIRECT] SLF4J: Failed to load class "org.slf4j.impl.StaticLoggerBinder".
2025-11-28 21:19:06,290 [ERROR] LogOutputStream:75 - [STDERR_REDIRECT] SLF4J: Defaulting to no-operation (NOP) logger implementation
2025-11-28 21:19:06,291 [ERROR] LogOutputStream:75 - [STDERR_REDIRECT] SLF4J: See http://www.slf4j.org/codes.html#StaticLoggerBinder for further details.
2025-11-28 22:03:13,175 [ERROR] LogOutputStream:75 - [STDERR_REDIRECT] 
